2022-03-11 15:54:08.967  INFO 35024 --- [main] com.example.demo.SareetaApplication      : Starting SareetaApplication on LAPTOP-SEQL8DN3 with PID 35024 (C:\Users\divya\IdeaProjects\nd035-c4-Security-and-DevOps-master\nd035-c4-Security-and-DevOps-master\starter_code\target\classes started by divya in C:\Users\divya\IdeaProjects\nd035-c4-Security-and-DevOps-master\nd035-c4-Security-and-DevOps-master)
2022-03-11 15:54:08.969  INFO 35024 --- [main] com.example.demo.SareetaApplication      : No active profile set, falling back to default profiles: default
2022-03-11 15:54:09.489  INFO 35024 --- [main] .s.d.r.c.RepositoryConfigurationDelegate : Bootstrapping Spring Data repositories in DEFAULT mode.
2022-03-11 15:54:09.556  INFO 35024 --- [main] .s.d.r.c.RepositoryConfigurationDelegate : Finished Spring Data repository scanning in 60ms. Found 4 repository interfaces.
2022-03-11 15:54:09.970  INFO 35024 --- [main] trationDelegate$BeanPostProcessorChecker : Bean 'org.springframework.transaction.annotation.ProxyTransactionManagementConfiguration' of type [org.springframework.transaction.annotation.ProxyTransactionManagementConfiguration$$EnhancerBySpringCGLIB$$961c2c36] is not eligible for getting processed by all BeanPostProcessors (for example: not eligible for auto-proxying)
2022-03-11 15:54:10.253  INFO 35024 --- [main] o.s.b.w.embedded.tomcat.TomcatWebServer  : Tomcat initialized with port(s): 8080 (http)
2022-03-11 15:54:10.274  INFO 35024 --- [main] o.apache.catalina.core.StandardService   : Starting service [Tomcat]
2022-03-11 15:54:10.275  INFO 35024 --- [main] org.apache.catalina.core.StandardEngine  : Starting Servlet engine: [Apache Tomcat/9.0.19]
2022-03-11 15:54:10.365  INFO 35024 --- [main] o.a.c.c.C.[Tomcat].[localhost].[/]       : Initializing Spring embedded WebApplicationContext
2022-03-11 15:54:10.365  INFO 35024 --- [main] o.s.web.context.ContextLoader            : Root WebApplicationContext: initialization completed in 1351 ms
2022-03-11 15:54:10.517  INFO 35024 --- [main] com.zaxxer.hikari.HikariDataSource       : HikariPool-1 - Starting...
2022-03-11 15:54:10.633  INFO 35024 --- [main] com.zaxxer.hikari.HikariDataSource       : HikariPool-1 - Start completed.
2022-03-11 15:54:10.685  INFO 35024 --- [main] o.hibernate.jpa.internal.util.LogHelper  : HHH000204: Processing PersistenceUnitInfo [
	name: default
	...]
2022-03-11 15:54:10.768  INFO 35024 --- [main] org.hibernate.Version                    : HHH000412: Hibernate Core {5.3.10.Final}
2022-03-11 15:54:10.769  INFO 35024 --- [main] org.hibernate.cfg.Environment            : HHH000206: hibernate.properties not found
2022-03-11 15:54:10.927  INFO 35024 --- [main] o.hibernate.annotations.common.Version   : HCANN000001: Hibernate Commons Annotations {5.0.4.Final}
2022-03-11 15:54:11.058  INFO 35024 --- [main] org.hibernate.dialect.Dialect            : HHH000400: Using dialect: org.hibernate.dialect.H2Dialect
2022-03-11 15:54:11.647  INFO 35024 --- [main] j.LocalContainerEntityManagerFactoryBean : Initialized JPA EntityManagerFactory for persistence unit 'default'
2022-03-11 15:54:12.201  WARN 35024 --- [main] aWebConfiguration$JpaWebMvcConfiguration : spring.jpa.open-in-view is enabled by default. Therefore, database queries may be performed during view rendering. Explicitly configure spring.jpa.open-in-view to disable this warning
2022-03-11 15:54:12.267  INFO 35024 --- [main] o.s.s.web.DefaultSecurityFilterChain     : Creating filter chain: any request, [org.springframework.security.web.context.request.async.WebAsyncManagerIntegrationFilter@432448, org.springframework.security.web.context.SecurityContextPersistenceFilter@1d67348a, org.springframework.security.web.header.HeaderWriterFilter@3a17acd4, org.springframework.web.filter.CorsFilter@4452e13c, org.springframework.security.web.authentication.logout.LogoutFilter@5847010, com.example.demo.security.JWTAuthenticationFilter@4d964c9e, com.example.demo.security.JWTAuthenticationVerficationFilter@42172065, org.springframework.security.web.savedrequest.RequestCacheAwareFilter@c7269ad, org.springframework.security.web.servletapi.SecurityContextHolderAwareRequestFilter@5cdc8499, org.springframework.security.web.authentication.AnonymousAuthenticationFilter@5b6f3d0b, org.springframework.security.web.session.SessionManagementFilter@65da1cbe, org.springframework.security.web.access.ExceptionTranslationFilter@73b3ce31, org.springframework.security.web.access.intercept.FilterSecurityInterceptor@4509b7]
2022-03-11 15:54:12.368  INFO 35024 --- [main] o.s.s.concurrent.ThreadPoolTaskExecutor  : Initializing ExecutorService 'applicationTaskExecutor'
2022-03-11 15:54:12.539  INFO 35024 --- [main] o.s.b.w.embedded.tomcat.TomcatWebServer  : Tomcat started on port(s): 8080 (http) with context path ''
2022-03-11 15:54:12.542  INFO 35024 --- [main] com.example.demo.SareetaApplication      : Started SareetaApplication in 3.906 seconds (JVM running for 4.241)
2022-03-11 15:54:35.595  INFO 35024 --- [http-nio-8080-exec-2] o.a.c.c.C.[Tomcat].[localhost].[/]       : Initializing Spring DispatcherServlet 'dispatcherServlet'
2022-03-11 15:54:35.595  INFO 35024 --- [http-nio-8080-exec-2] o.s.web.servlet.DispatcherServlet        : Initializing Servlet 'dispatcherServlet'
2022-03-11 15:54:35.602  INFO 35024 --- [http-nio-8080-exec-2] o.s.web.servlet.DispatcherServlet        : Completed initialization in 6 ms
2022-03-11 15:54:35.680  INFO 35024 --- [http-nio-8080-exec-2] c.e.demo.controllers.UserController      : The Username is : Divya
2022-03-11 15:55:07.999  INFO 35024 --- [http-nio-8080-exec-3] c.e.demo.controllers.UserController      : The Username is : Eswari
2022-03-11 15:55:08.002 ERROR 35024 --- [http-nio-8080-exec-3] c.e.demo.controllers.UserController      : Creating User Failed, password has not mathched for user Eswari
2022-03-11 15:55:14.479  INFO 35024 --- [http-nio-8080-exec-4] c.e.demo.controllers.UserController      : The Username is : Eswari
2022-03-11 15:55:29.809  INFO 35024 --- [http-nio-8080-exec-6] o.h.h.i.QueryTranslatorFactoryInitiator  : HHH000397: Using ASTQueryTranslatorFactory
2022-03-11 15:56:17.358  INFO 35024 --- [http-nio-8080-exec-8] c.e.demo.controllers.CartController      : Success in add to cart, for user Divya
2022-03-11 15:56:35.620  INFO 35024 --- [http-nio-8080-exec-9] c.e.demo.controllers.OrderController     : Order Submission Successful for user Eswari
2022-03-11 15:57:12.379  INFO 35024 --- [http-nio-8080-exec-10] c.e.demo.controllers.OrderController     : Order History Successful for user Divya
2022-03-11 15:58:42.705  WARN 35024 --- [http-nio-8080-exec-3] .w.s.m.s.DefaultHandlerExceptionResolver : Resolved [org.springframework.http.converter.HttpMessageNotReadableException: JSON parse error: Cannot deserialize value of type `long` from String "quantity": not a valid Long value; nested exception is com.fasterxml.jackson.databind.exc.InvalidFormatException: Cannot deserialize value of type `long` from String "quantity": not a valid Long value
 at [Source: (PushbackInputStream); line: 4, column: 5] (through reference chain: com.example.demo.model.requests.ModifyCartRequest["itemId"])]
2022-03-11 15:59:30.944  INFO 35024 --- [Thread-3] o.s.s.concurrent.ThreadPoolTaskExecutor  : Shutting down ExecutorService 'applicationTaskExecutor'
2022-03-11 15:59:30.946  INFO 35024 --- [Thread-3] j.LocalContainerEntityManagerFactoryBean : Closing JPA EntityManagerFactory for persistence unit 'default'
2022-03-11 15:59:30.948  INFO 35024 --- [Thread-3] com.zaxxer.hikari.HikariDataSource       : HikariPool-1 - Shutdown initiated...
2022-03-11 15:59:30.950  INFO 35024 --- [Thread-3] com.zaxxer.hikari.HikariDataSource       : HikariPool-1 - Shutdown completed.
2022-03-11 18:50:13.540  INFO 10407 --- [main] com.example.demo.SareetaApplication      : Starting SareetaApplication on PPH-LAP-01285 with PID 10407 (/home/divyaeswari/IdeaProjects/nd035-c4-Security-and-DevOps-master/starter_code/target/classes started by divyaeswari in /home/divyaeswari/IdeaProjects/nd035-c4-Security-and-DevOps-master)
2022-03-11 18:50:13.549  INFO 10407 --- [main] com.example.demo.SareetaApplication      : No active profile set, falling back to default profiles: default
2022-03-11 18:50:14.241  INFO 10407 --- [main] .s.d.r.c.RepositoryConfigurationDelegate : Bootstrapping Spring Data repositories in DEFAULT mode.
2022-03-11 18:50:14.306  INFO 10407 --- [main] .s.d.r.c.RepositoryConfigurationDelegate : Finished Spring Data repository scanning in 57ms. Found 4 repository interfaces.
2022-03-11 18:50:14.671  INFO 10407 --- [main] trationDelegate$BeanPostProcessorChecker : Bean 'org.springframework.transaction.annotation.ProxyTransactionManagementConfiguration' of type [org.springframework.transaction.annotation.ProxyTransactionManagementConfiguration$$EnhancerBySpringCGLIB$$da6fe334] is not eligible for getting processed by all BeanPostProcessors (for example: not eligible for auto-proxying)
2022-03-11 18:50:14.834  INFO 10407 --- [main] o.s.b.w.embedded.tomcat.TomcatWebServer  : Tomcat initialized with port(s): 8080 (http)
2022-03-11 18:50:14.850  INFO 10407 --- [main] o.apache.catalina.core.StandardService   : Starting service [Tomcat]
2022-03-11 18:50:14.850  INFO 10407 --- [main] org.apache.catalina.core.StandardEngine  : Starting Servlet engine: [Apache Tomcat/9.0.19]
2022-03-11 18:50:14.924  INFO 10407 --- [main] o.a.c.c.C.[Tomcat].[localhost].[/]       : Initializing Spring embedded WebApplicationContext
2022-03-11 18:50:14.924  INFO 10407 --- [main] o.s.web.context.ContextLoader            : Root WebApplicationContext: initialization completed in 1334 ms
2022-03-11 18:50:15.070  INFO 10407 --- [main] com.zaxxer.hikari.HikariDataSource       : HikariPool-1 - Starting...
2022-03-11 18:50:15.185  INFO 10407 --- [main] com.zaxxer.hikari.HikariDataSource       : HikariPool-1 - Start completed.
2022-03-11 18:50:15.229  INFO 10407 --- [main] o.hibernate.jpa.internal.util.LogHelper  : HHH000204: Processing PersistenceUnitInfo [
	name: default
	...]
2022-03-11 18:50:15.271  INFO 10407 --- [main] org.hibernate.Version                    : HHH000412: Hibernate Core {5.3.10.Final}
2022-03-11 18:50:15.272  INFO 10407 --- [main] org.hibernate.cfg.Environment            : HHH000206: hibernate.properties not found
2022-03-11 18:50:15.336  INFO 10407 --- [main] o.hibernate.annotations.common.Version   : HCANN000001: Hibernate Commons Annotations {5.0.4.Final}
2022-03-11 18:50:15.405  INFO 10407 --- [main] org.hibernate.dialect.Dialect            : HHH000400: Using dialect: org.hibernate.dialect.H2Dialect
2022-03-11 18:50:15.866  INFO 10407 --- [main] j.LocalContainerEntityManagerFactoryBean : Initialized JPA EntityManagerFactory for persistence unit 'default'
2022-03-11 18:50:16.265  WARN 10407 --- [main] aWebConfiguration$JpaWebMvcConfiguration : spring.jpa.open-in-view is enabled by default. Therefore, database queries may be performed during view rendering. Explicitly configure spring.jpa.open-in-view to disable this warning
2022-03-11 18:50:16.321  INFO 10407 --- [main] o.s.s.web.DefaultSecurityFilterChain     : Creating filter chain: any request, [org.springframework.security.web.context.request.async.WebAsyncManagerIntegrationFilter@25c548d1, org.springframework.security.web.context.SecurityContextPersistenceFilter@68229a6, org.springframework.security.web.header.HeaderWriterFilter@7455204c, org.springframework.web.filter.CorsFilter@476a2819, org.springframework.security.web.authentication.logout.LogoutFilter@a97a895, com.example.demo.security.JWTAuthenticationFilter@279ab15e, com.example.demo.security.JWTAuthenticationVerficationFilter@571c2ed8, org.springframework.security.web.savedrequest.RequestCacheAwareFilter@477bea57, org.springframework.security.web.servletapi.SecurityContextHolderAwareRequestFilter@2674ca88, org.springframework.security.web.authentication.AnonymousAuthenticationFilter@5810772a, org.springframework.security.web.session.SessionManagementFilter@510203de, org.springframework.security.web.access.ExceptionTranslationFilter@6e617c0e, org.springframework.security.web.access.intercept.FilterSecurityInterceptor@5feff876]
2022-03-11 18:50:16.410  INFO 10407 --- [main] o.s.s.concurrent.ThreadPoolTaskExecutor  : Initializing ExecutorService 'applicationTaskExecutor'
2022-03-11 18:50:16.559  INFO 10407 --- [main] o.s.b.w.embedded.tomcat.TomcatWebServer  : Tomcat started on port(s): 8080 (http) with context path ''
2022-03-11 18:50:16.561  INFO 10407 --- [main] com.example.demo.SareetaApplication      : Started SareetaApplication in 3.376 seconds (JVM running for 3.798)
2022-03-11 18:50:28.542  INFO 10407 --- [Thread-3] o.s.s.concurrent.ThreadPoolTaskExecutor  : Shutting down ExecutorService 'applicationTaskExecutor'
2022-03-11 18:50:28.544  INFO 10407 --- [Thread-3] j.LocalContainerEntityManagerFactoryBean : Closing JPA EntityManagerFactory for persistence unit 'default'
2022-03-11 18:50:28.545  INFO 10407 --- [Thread-3] com.zaxxer.hikari.HikariDataSource       : HikariPool-1 - Shutdown initiated...
2022-03-11 18:50:28.547  INFO 10407 --- [Thread-3] com.zaxxer.hikari.HikariDataSource       : HikariPool-1 - Shutdown completed.
